<?xml version="1.0" encoding="UTF-8"?>
<testng-results ignored="0" total="1" passed="1" failed="0" skipped="0">
  <reporter-output>
  </reporter-output>
  <suite started-at="2024-01-20T22:43:19 EET" name="org.example.testing.AppTest" finished-at="2024-01-20T22:43:19 EET" duration-ms="87">
    <groups>
    </groups>
    <test started-at="2024-01-20T22:43:19 EET" name="Command line test" finished-at="2024-01-20T22:43:19 EET" duration-ms="87">
      <class name="org.example.testing.AppTest">
        <test-method signature="test()[pri:0, instance:org.example.testing.AppTest@52525845]" started-at="2024-01-20T22:43:19 EET" name="test" finished-at="2024-01-20T22:43:19 EET" duration-ms="11" status="PASS">
          <reporter-output>
          </reporter-output>
        </test-method> <!-- test -->
      </class> <!-- org.example.testing.AppTest -->
    </test> <!-- Command line test -->
  </suite> <!-- org.example.testing.AppTest -->
</testng-results>
